
1707|ENG|::1|localhost|Mozilla/5.0 (Macintosh; Intel Mac OS X 10_7) AppleWebKit/534.48.3 (KHTML, like Gecko) Version/5.1 Safari/534.48.3
1351875145|1708|ENG|::1|localhost|Mozilla/5.0 (Macintosh; Intel Mac OS X 10_7_0) AppleWebKit/537.4 (KHTML, like Gecko) Chrome/22.0.1229.94 Safari/537.4
1351875150|1709|ENG|::1|localhost|Mozilla/5.0 (Macintosh; Intel Mac OS X 10_7_0) AppleWebKit/537.4 (KHTML, like Gecko) Chrome/22.0.1229.94 Safari/537.4
1351896729|1711|ENG|::1|localhost|Mozilla/5.0 (Macintosh; Intel Mac OS X 10_7_0) AppleWebKit/537.4 (KHTML, like Gecko) Chrome/22.0.1229.94 Safari/537.4
1351897002|1713|ENG|::1|localhost|Mozilla/5.0 (Macintosh; Intel Mac OS X 10_7_0) AppleWebKit/537.4 (KHTML, like Gecko) Chrome/22.0.1229.94 Safari/537.401351897144|1714|ENG|::1|localhost|Mozilla/5.0 (Macintosh; Intel Mac OS X 10_7_0) AppleWebKit/537.4 (KHTML, like Gecko) Chrome/22.0.1229.94 Safari/537.4
###|1351897195|1715|ENG|::1|localhost|Mozilla/5.0 (Macintosh; Intel Mac OS X 10_7_0) AppleWebKit/537.4 (KHTML, like Gecko) Chrome/22.0.1229.94 Safari/537.4
2012-11-02T23:43:05+00:00|1716|ENG|::1|localhost|Mozilla/5.0 (Macintosh; Intel Mac OS X 10_7_0) AppleWebKit/537.4 (KHTML, like Gecko) Chrome/22.0.1229.94 Safari/537.4
2012-11-26T04:53:26+00:00|1717|ENG|127.0.0.1|localhost|Mozilla/5.0 (Macintosh; Intel Mac OS X 10_8_2) AppleWebKit/537.11 (KHTML, like Gecko) Chrome/23.0.1271.64 Safari/537.11
2012-11-26T04:54:04+00:00|1718|TAM|127.0.0.1|localhost|Mozilla/5.0 (Macintosh; Intel Mac OS X 10_8_2) AppleWebKit/537.11 (KHTML, like Gecko) Chrome/23.0.1271.64 Safari/537.11
2012-11-26T04:54:54+00:00|1719|ENG|127.0.0.1|localhost|Mozilla/5.0 (Macintosh; Intel Mac OS X 10_8_2) AppleWebKit/537.11 (KHTML, like Gecko) Chrome/23.0.1271.64 Safari/537.11
2012-11-26T04:57:23+00:00|1720|ENG|127.0.0.1|localhost|Mozilla/5.0 (Macintosh; Intel Mac OS X 10_8_2) AppleWebKit/537.11 (KHTML, like Gecko) Chrome/23.0.1271.64 Safari/537.11
2012-11-26T04:57:50+00:00|1721|ENG|127.0.0.1|localhost|Mozilla/5.0 (Macintosh; Intel Mac OS X 10_8_2) AppleWebKit/537.11 (KHTML, like Gecko) Chrome/23.0.1271.64 Safari/537.11
2012-11-26T05:00:44+00:00|1722|ENG|127.0.0.1|localhost|Mozilla/5.0 (Macintosh; Intel Mac OS X 10_8_2) AppleWebKit/537.11 (KHTML, like Gecko) Chrome/23.0.1271.64 Safari/537.11
2012-11-26T05:01:15+00:00|1723|ENG|127.0.0.1|localhost|Mozilla/5.0 (Macintosh; Intel Mac OS X 10_8_2) AppleWebKit/537.11 (KHTML, like Gecko) Chrome/23.0.1271.64 Safari/537.11
2012-11-30T04:16:09+00:00|1724|ENG|::1|localhost|Mozilla/5.0 (Macintosh; Intel Mac OS X 10_8_2) AppleWebKit/537.11 (KHTML, like Gecko) Chrome/23.0.1271.91 Safari/537.11
2012-12-02T07:16:15+00:00|1725|ENG|::1|localhost|Mozilla/5.0 (Macintosh; Intel Mac OS X 10_8_2) AppleWebKit/536.26.17 (KHTML, like Gecko) Version/6.0.2 Safari/536.26.17
2012-12-02T07:18:43+00:00|1726|ENG|::1|localhost|Mozilla/5.0 (Macintosh; Intel Mac OS X 10_8_2) AppleWebKit/536.26.17 (KHTML, like Gecko) Version/6.0.2 Safari/536.26.17
2012-12-02T07:31:38+00:00|1727|ENG|::1|localhost|Mozilla/5.0 (Macintosh; Intel Mac OS X 10_8_2) AppleWebKit/536.26.17 (KHTML, like Gecko) Version/6.0.2 Safari/536.26.17
2012-12-02T18:40:55+00:00|1728|ENG|::1|localhost|Mozilla/5.0 (Macintosh; Intel Mac OS X 10_8_2) AppleWebKit/536.26.17 (KHTML, like Gecko) Version/6.0.2 Safari/536.26.17
2012-12-02T18:47:10+00:00|1729|ENG|::1|localhost|Mozilla/5.0 (Macintosh; Intel Mac OS X 10_8_2) AppleWebKit/536.26.17 (KHTML, like Gecko) Version/6.0.2 Safari/536.26.17
2012-12-02T18:50:36+00:00|1730|ENG|::1|localhost|Mozilla/5.0 (Macintosh; Intel Mac OS X 10_8_2) AppleWebKit/536.26.17 (KHTML, like Gecko) Version/6.0.2 Safari/536.26.17
2012-12-02T18:52:05+00:00|1731|ENG|::1|localhost|Mozilla/5.0 (Macintosh; Intel Mac OS X 10_8_2) AppleWebKit/537.11 (KHTML, like Gecko) Chrome/23.0.1271.95 Safari/537.11
2012-12-02T19:00:03+00:00|1732|ENG|::1|localhost|Mozilla/5.0 (Macintosh; Intel Mac OS X 10_8_2) AppleWebKit/537.11 (KHTML, like Gecko) Chrome/23.0.1271.95 Safari/537.11
2012-12-02T19:03:09+00:00|1733|TAM|::1|localhost|Mozilla/5.0 (Macintosh; Intel Mac OS X 10_8_2) AppleWebKit/537.11 (KHTML, like Gecko) Chrome/23.0.1271.95 Safari/537.11
2012-12-03T00:48:44+00:00|1734|ENG|::1|localhost|Mozilla/5.0 (Macintosh; Intel Mac OS X 10_8_2) AppleWebKit/536.26.17 (KHTML, like Gecko) Version/6.0.2 Safari/536.26.17
2012-12-03T00:50:05+00:00|1735|TAM|::1|localhost|Mozilla/5.0 (Macintosh; Intel Mac OS X 10_8_2) AppleWebKit/536.26.17 (KHTML, like Gecko) Version/6.0.2 Safari/536.26.17
2012-12-03T00:52:25+00:00|1736|ENG|::1|localhost|Mozilla/5.0 (Macintosh; Intel Mac OS X 10_8_2) AppleWebKit/536.26.17 (KHTML, like Gecko) Version/6.0.2 Safari/536.26.17
2012-12-03T02:11:14+00:00|1737|ENG|::1|localhost|Mozilla/5.0 (Macintosh; Intel Mac OS X 10_8_2) AppleWebKit/537.11 (KHTML, like Gecko) Chrome/23.0.1271.95 Safari/537.11
2012-12-03T02:12:08+00:00|1738|ENG|::1|localhost|Mozilla/5.0 (Macintosh; Intel Mac OS X 10_8_2) AppleWebKit/537.11 (KHTML, like Gecko) Chrome/23.0.1271.95 Safari/537.11
2012-12-03T02:35:27+00:00|1739|ENG|::1|localhost|Mozilla/5.0 (Macintosh; Intel Mac OS X 10_8_2) AppleWebKit/537.11 (KHTML, like Gecko) Chrome/23.0.1271.95 Safari/537.11
2012-12-03T02:35:40+00:00|1740|ENG|::1|localhost|Mozilla/5.0 (Macintosh; Intel Mac OS X 10_8_2) AppleWebKit/537.11 (KHTML, like Gecko) Chrome/23.0.1271.95 Safari/537.11
2012-12-03T02:36:15+00:00|1741|ENG|::1|localhost|Mozilla/5.0 (Macintosh; Intel Mac OS X 10_8_2) AppleWebKit/537.11 (KHTML, like Gecko) Chrome/23.0.1271.95 Safari/537.11
2012-12-03T02:40:13+00:00|1742|ENG|::1|localhost|Mozilla/5.0 (Macintosh; Intel Mac OS X 10_8_2) AppleWebKit/537.11 (KHTML, like Gecko) Chrome/23.0.1271.95 Safari/537.11
2012-12-03T02:50:12+00:00|1743|ENG|::1|localhost|Mozilla/5.0 (Macintosh; Intel Mac OS X 10_8_2) AppleWebKit/537.11 (KHTML, like Gecko) Chrome/23.0.1271.95 Safari/537.11
2012-12-03T02:50:25+00:00|1744|ENG|::1|localhost|Mozilla/5.0 (Macintosh; Intel Mac OS X 10_8_2) AppleWebKit/537.11 (KHTML, like Gecko) Chrome/23.0.1271.95 Safari/537.11
2012-12-03T02:52:14+00:00|1745|ENG|::1|localhost|Mozilla/5.0 (Macintosh; Intel Mac OS X 10_8_2) AppleWebKit/537.11 (KHTML, like Gecko) Chrome/23.0.1271.95 Safari/537.11
2012-12-03T02:52:59+00:00|1746|ENG|::1|localhost|Mozilla/5.0 (Macintosh; Intel Mac OS X 10_8_2) AppleWebKit/537.11 (KHTML, like Gecko) Chrome/23.0.1271.95 Safari/537.11
2012-12-03T02:54:21+00:00|1747|ENG|::1|localhost|Mozilla/5.0 (Macintosh; Intel Mac OS X 10_8_2) AppleWebKit/537.11 (KHTML, like Gecko) Chrome/23.0.1271.95 Safari/537.11
2012-12-03T02:54:58+00:00|1748|ENG|::1|localhost|Mozilla/5.0 (Macintosh; Intel Mac OS X 10_8_2) AppleWebKit/537.11 (KHTML, like Gecko) Chrome/23.0.1271.95 Safari/537.11
2012-12-03T02:57:05+00:00|1749|ENG|::1|localhost|Mozilla/5.0 (Macintosh; Intel Mac OS X 10_8_2) AppleWebKit/537.11 (KHTML, like Gecko) Chrome/23.0.1271.95 Safari/537.11
2012-12-03T04:06:43+00:00|1750|ENG|::1|localhost|Mozilla/5.0 (Macintosh; Intel Mac OS X 10_8_2) AppleWebKit/537.11 (KHTML, like Gecko) Chrome/23.0.1271.95 Safari/537.11
2012-12-03T04:12:08+00:00|1751|ENG|::1|localhost|Mozilla/5.0 (Macintosh; Intel Mac OS X 10_8_2) AppleWebKit/537.11 (KHTML, like Gecko) Chrome/23.0.1271.95 Safari/537.11
2012-12-03T04:16:50+00:00|1752|ENG|::1|localhost|Mozilla/5.0 (Macintosh; Intel Mac OS X 10_8_2) AppleWebKit/537.11 (KHTML, like Gecko) Chrome/23.0.1271.95 Safari/537.11
2012-12-03T04:17:55+00:00|1753|ENG|::1|localhost|Mozilla/5.0 (Macintosh; Intel Mac OS X 10_8_2) AppleWebKit/537.11 (KHTML, like Gecko) Chrome/23.0.1271.95 Safari/537.11
2012-12-03T04:19:12+00:00|1754|ENG|::1|localhost|Mozilla/5.0 (Macintosh; Intel Mac OS X 10_8_2) AppleWebKit/537.11 (KHTML, like Gecko) Chrome/23.0.1271.95 Safari/537.11
2012-12-03T04:21:10+00:00|1755|ENG|::1|localhost|Mozilla/5.0 (Macintosh; Intel Mac OS X 10_8_2) AppleWebKit/537.11 (KHTML, like Gecko) Chrome/23.0.1271.95 Safari/537.11
2012-12-03T04:22:41+00:00|1756|ENG|::1|localhost|Mozilla/5.0 (Macintosh; Intel Mac OS X 10_8_2) AppleWebKit/537.11 (KHTML, like Gecko) Chrome/23.0.1271.95 Safari/537.11
2012-12-03T04:23:24+00:00|1757|ENG|::1|localhost|Mozilla/5.0 (Macintosh; Intel Mac OS X 10_8_2) AppleWebKit/537.11 (KHTML, like Gecko) Chrome/23.0.1271.95 Safari/537.11
2012-12-03T04:25:22+00:00|1758|ENG|::1|localhost|Mozilla/5.0 (Macintosh; Intel Mac OS X 10_8_2) AppleWebKit/537.11 (KHTML, like Gecko) Chrome/23.0.1271.95 Safari/537.11
2012-12-03T04:26:24+00:00|1759|ENG|::1|localhost|Mozilla/5.0 (Macintosh; Intel Mac OS X 10_8_2) AppleWebKit/537.11 (KHTML, like Gecko) Chrome/23.0.1271.95 Safari/537.11
2012-12-03T04:26:38+00:00|1760|ENG|::1|localhost|Mozilla/5.0 (Macintosh; Intel Mac OS X 10_8_2) AppleWebKit/537.11 (KHTML, like Gecko) Chrome/23.0.1271.95 Safari/537.11
2012-12-03T04:27:54+00:00|1761|ENG|::1|localhost|Mozilla/5.0 (Macintosh; Intel Mac OS X 10_8_2) AppleWebKit/537.11 (KHTML, like Gecko) Chrome/23.0.1271.95 Safari/537.11
2012-12-03T04:28:36+00:00|1762|ENG|::1|localhost|Mozilla/5.0 (Macintosh; Intel Mac OS X 10_8_2) AppleWebKit/537.11 (KHTML, like Gecko) Chrome/23.0.1271.95 Safari/537.11
2012-12-03T04:31:47+00:00|1763|ENG|::1|localhost|Mozilla/5.0 (Macintosh; Intel Mac OS X 10_8_2) AppleWebKit/537.11 (KHTML, like Gecko) Chrome/23.0.1271.95 Safari/537.11
2012-12-03T04:32:31+00:00|1764|ENG|::1|localhost|Mozilla/5.0 (Macintosh; Intel Mac OS X 10_8_2) AppleWebKit/537.11 (KHTML, like Gecko) Chrome/23.0.1271.95 Safari/537.11
2012-12-03T04:33:37+00:00|1765|ENG|::1|localhost|Mozilla/5.0 (Macintosh; Intel Mac OS X 10_8_2) AppleWebKit/537.11 (KHTML, like Gecko) Chrome/23.0.1271.95 Safari/537.11
2012-12-03T04:34:42+00:00|1766|ENG|::1|localhost|Mozilla/5.0 (Macintosh; Intel Mac OS X 10_8_2) AppleWebKit/537.11 (KHTML, like Gecko) Chrome/23.0.1271.95 Safari/537.11
2012-12-03T04:47:56+00:00|1767|ENG|::1|localhost|Mozilla/5.0 (Macintosh; Intel Mac OS X 10_8_2) AppleWebKit/537.11 (KHTML, like Gecko) Chrome/23.0.1271.95 Safari/537.11
2012-12-03T04:52:53+00:00|1768|ENG|::1|localhost|Mozilla/5.0 (Macintosh; Intel Mac OS X 10_8_2) AppleWebKit/537.11 (KHTML, like Gecko) Chrome/23.0.1271.95 Safari/537.11
2012-12-03T04:53:50+00:00|1769|ENG|::1|localhost|Mozilla/5.0 (Macintosh; Intel Mac OS X 10_8_2) AppleWebKit/537.11 (KHTML, like Gecko) Chrome/23.0.1271.95 Safari/537.11
2012-12-03T04:56:07+00:00|1770|ENG|::1|localhost|Mozilla/5.0 (Macintosh; Intel Mac OS X 10_8_2) AppleWebKit/537.11 (KHTML, like Gecko) Chrome/23.0.1271.95 Safari/537.11
2012-12-03T04:56:51+00:00|1771|ENG|::1|localhost|Mozilla/5.0 (Macintosh; Intel Mac OS X 10_8_2) AppleWebKit/537.11 (KHTML, like Gecko) Chrome/23.0.1271.95 Safari/537.11
2012-12-03T04:57:33+00:00|1772|ENG|::1|localhost|Mozilla/5.0 (Macintosh; Intel Mac OS X 10_8_2) AppleWebKit/537.11 (KHTML, like Gecko) Chrome/23.0.1271.95 Safari/537.11
2012-12-03T04:59:24+00:00|1773|ENG|::1|localhost|Mozilla/5.0 (Macintosh; Intel Mac OS X 10_8_2) AppleWebKit/537.11 (KHTML, like Gecko) Chrome/23.0.1271.95 Safari/537.11
2012-12-03T05:00:38+00:00|1774|ENG|::1|localhost|Mozilla/5.0 (Macintosh; Intel Mac OS X 10_8_2) AppleWebKit/537.11 (KHTML, like Gecko) Chrome/23.0.1271.95 Safari/537.11
2012-12-03T05:02:18+00:00|1775|ENG|::1|localhost|Mozilla/5.0 (Macintosh; Intel Mac OS X 10_8_2) AppleWebKit/537.11 (KHTML, like Gecko) Chrome/23.0.1271.95 Safari/537.11
2012-12-03T05:04:02+00:00|1776|ENG|::1|localhost|Mozilla/5.0 (Macintosh; Intel Mac OS X 10_8_2) AppleWebKit/537.11 (KHTML, like Gecko) Chrome/23.0.1271.95 Safari/537.11
2012-12-03T05:14:38+00:00|1777|ENG|::1|localhost|Mozilla/5.0 (Macintosh; Intel Mac OS X 10_8_2) AppleWebKit/537.11 (KHTML, like Gecko) Chrome/23.0.1271.95 Safari/537.11
2012-12-03T05:38:24+00:00|1778|ENG|::1|localhost|Mozilla/5.0 (Macintosh; Intel Mac OS X 10_8_2) AppleWebKit/537.11 (KHTML, like Gecko) Chrome/23.0.1271.95 Safari/537.11
2012-12-03T05:40:03+00:00|1779|ENG|::1|localhost|Mozilla/5.0 (Macintosh; Intel Mac OS X 10_8_2) AppleWebKit/537.11 (KHTML, like Gecko) Chrome/23.0.1271.95 Safari/537.11
2012-12-03T15:16:52+00:00|1780|ENG|::1|localhost|Mozilla/5.0 (Macintosh; Intel Mac OS X 10_8_2) AppleWebKit/536.26.17 (KHTML, like Gecko) Version/6.0.2 Safari/536.26.17
2012-12-03T15:19:35+00:00|1781|ENG|::1|localhost|Mozilla/5.0 (Macintosh; Intel Mac OS X 10_8_2) AppleWebKit/536.26.17 (KHTML, like Gecko) Version/6.0.2 Safari/536.26.17
2012-12-03T15:20:09+00:00|1782|ENG|::1|localhost|Mozilla/5.0 (Macintosh; Intel Mac OS X 10_8_2) AppleWebKit/536.26.17 (KHTML, like Gecko) Version/6.0.2 Safari/536.26.17
2012-12-03T15:24:16+00:00|1783|TAM|::1|localhost|Mozilla/5.0 (Macintosh; Intel Mac OS X 10_8_2) AppleWebKit/536.26.17 (KHTML, like Gecko) Version/6.0.2 Safari/536.26.17
2012-12-03T15:29:49+00:00|1784|TAM|::1|localhost|Mozilla/5.0 (Macintosh; Intel Mac OS X 10_8_2) AppleWebKit/536.26.17 (KHTML, like Gecko) Version/6.0.2 Safari/536.26.17
2012-12-04T19:51:14+00:00|1785|ENG|::1|localhost|Mozilla/5.0 (Macintosh; Intel Mac OS X 10_8_2) AppleWebKit/537.11 (KHTML, like Gecko) Chrome/23.0.1271.95 Safari/537.11
2012-12-04T19:52:16+00:00|1786|ENG|::1|localhost|Mozilla/5.0 (Macintosh; Intel Mac OS X 10_8_2) AppleWebKit/537.11 (KHTML, like Gecko) Chrome/23.0.1271.95 Safari/537.11
2012-12-04T19:54:08+00:00|1787|ENG|::1|localhost|Mozilla/5.0 (Macintosh; Intel Mac OS X 10_8_2) AppleWebKit/537.11 (KHTML, like Gecko) Chrome/23.0.1271.95 Safari/537.11
2012-12-04T19:54:53+00:00|1788|ENG|::1|localhost|Mozilla/5.0 (Macintosh; Intel Mac OS X 10_8_2) AppleWebKit/537.11 (KHTML, like Gecko) Chrome/23.0.1271.95 Safari/537.11
2012-12-04T19:59:39+00:00|1789|ENG|::1|localhost|Mozilla/5.0 (Macintosh; Intel Mac OS X 10_8_2) AppleWebKit/537.11 (KHTML, like Gecko) Chrome/23.0.1271.95 Safari/537.11
2012-12-04T20:00:26+00:00|1790|ENG|::1|localhost|Mozilla/5.0 (Macintosh; Intel Mac OS X 10_8_2) AppleWebKit/537.11 (KHTML, like Gecko) Chrome/23.0.1271.95 Safari/537.11
2012-12-04T20:04:17+00:00|1791|ENG|::1|localhost|Mozilla/5.0 (Macintosh; Intel Mac OS X 10_8_2) AppleWebKit/537.11 (KHTML, like Gecko) Chrome/23.0.1271.95 Safari/537.11
2012-12-04T20:09:14+00:00|1792|ENG|::1|localhost|Mozilla/5.0 (Macintosh; Intel Mac OS X 10_8_2) AppleWebKit/537.11 (KHTML, like Gecko) Chrome/23.0.1271.95 Safari/537.11
2012-12-04T20:10:52+00:00|1793|ENG|::1|localhost|Mozilla/5.0 (Macintosh; Intel Mac OS X 10_8_2) AppleWebKit/537.11 (KHTML, like Gecko) Chrome/23.0.1271.95 Safari/537.11
2012-12-04T20:14:46+00:00|1794|ENG|::1|localhost|Mozilla/5.0 (Macintosh; Intel Mac OS X 10_8_2) AppleWebKit/537.11 (KHTML, like Gecko) Chrome/23.0.1271.95 Safari/537.11